<?xml version="1.0" encoding="UTF-8"?>
<!-- Generated by org.testng.reporters.JUnitReportReporter -->
<testsuite hostname="DESKTOP-UGJHDGF" failures="0" tests="1" name="practiceProject.TestCase6_SearchBook_Category" time="34.776" errors="0" timestamp="2025-05-10T23:30:50 IST" skipped="0">
  <testcase classname="practiceProject.TestCase6_SearchBook_Category" name="TC06_SearchInBookCategory" time="34.776">
    <system-out>
      <![CDATA[Browser is launched with amazon link
Howover on Accounts and list
Clicked on signIn 
Clicked on SignIn after entering username and password
Usertext: Hello, Devidas matched !
Category: Books matched !
test case passed!
Test Case Passed]]>
    </system-out>
  </testcase> <!-- TC06_SearchInBookCategory -->
  <system-out>
    <![CDATA[Browser is launched with amazon link
Howover on Accounts and list
Clicked on signIn 
Clicked on SignIn after entering username and password
Usertext: Hello, Devidas matched !
Category: Books matched !
test case passed!
Test Case Passed]]>
  </system-out>
</testsuite> <!-- practiceProject.TestCase6_SearchBook_Category -->
