<?xml version="1.0" encoding="UTF-8"?>
<!-- Generated by org.testng.reporters.JUnitReportReporter -->
<testsuite hostname="DESKTOP-UGJHDGF" failures="0" tests="1" name="practiceProject.TestCase7_ValidateProductDetails" time="61.295" errors="0" timestamp="2025-05-12T08:51:23 IST" skipped="0">
  <testcase classname="practiceProject.TestCase7_ValidateProductDetails" name="TC7_ValidateProductDetails_OnProductPage" time="61.295">
    <system-out>
      <![CDATA[Browser is launched with amazon link
Howover on Accounts and list
Clicked on signIn 
Clicked on SignIn after entering username and password
Product Details:  [Reebok Mens Stride Runner Running Shoe, 4.0, (3,991), 1,299]
Test Case Passed]]>
    </system-out>
  </testcase> <!-- TC7_ValidateProductDetails_OnProductPage -->
  <system-out>
    <![CDATA[Browser is launched with amazon link
Howover on Accounts and list
Clicked on signIn 
Clicked on SignIn after entering username and password
Product Details:  [Reebok Mens Stride Runner Running Shoe, 4.0, (3,991), 1,299]
Test Case Passed]]>
  </system-out>
</testsuite> <!-- practiceProject.TestCase7_ValidateProductDetails -->
