<?xml version="1.0" encoding="UTF-8"?>
<!-- Generated by org.testng.reporters.JUnitReportReporter -->
<testsuite hostname="DESKTOP-UGJHDGF" failures="0" tests="1" name="practiceProject.TestCase6_ProductSortBy" time="42.916" errors="0" timestamp="2025-05-07T17:33:29 IST" skipped="0">
  <testcase classname="practiceProject.TestCase6_ProductSortBy" name="TC06_AmazonProdoct_SortByPriceLowToHigh" time="42.916">
    <system-out>
      <![CDATA[Browser is launched with amazon link
Howover on Accounts and list
Clicked on signIn 
Clicked on SignIn after entering username and password
Product search is done for shoe for men
User updated values![1,059, 1, 189, 189, 198, 629, 199, 239, 244, 244, 244, 244, 244, 245, 248, 248, 249, 250, 253, 253, 253, 253, 253, 253, 253, 253, 569, 1,399, 2,734, 253, 253, 253, 253, 253, 253, 253, 253, 253, 253, 253, 253, 253, 253, 253, 253, 253, 253, 253, 253, 253, 253, 253, 253]
test case passed!
Test Case Passed]]>
    </system-out>
  </testcase> <!-- TC06_AmazonProdoct_SortByPriceLowToHigh -->
  <system-out>
    <![CDATA[Browser is launched with amazon link
Howover on Accounts and list
Clicked on signIn 
Clicked on SignIn after entering username and password
Usertext: Hello, Devidas matched test case passed!
Test Case Passed
Browser is launched with amazon link
Howover on Accounts and list
Clicked on signIn 
Actual text in red:  Invalid email address.
Clicked on Contiue after entering Incorrect username
test case passed!
Test Case Passed
Browser is launched with amazon link
Howover on Accounts and list
Clicked on signIn 
Test Case Failed
Browser is launched with amazon link
Howover on Accounts and list
Clicked on signIn 
Clicked on SignIn after entering username and password
User navigated to Your Profile page
User updated values![164 cm, 75 kg]
Test Case Failed
Browser is launched with amazon link
Howover on Accounts and list
Clicked on signIn 
Clicked on SignIn after entering username and password
Product search is done for shoe for men
test case passed!
Test Case Passed
Browser is launched with amazon link
Howover on Accounts and list
Clicked on signIn 
Clicked on SignIn after entering username and password
Product search is done for shoe for men
User updated values![1,059, 1, 189, 189, 198, 629, 199, 239, 244, 244, 244, 244, 244, 245, 248, 248, 249, 250, 253, 253, 253, 253, 253, 253, 253, 253, 569, 1,399, 2,734, 253, 253, 253, 253, 253, 253, 253, 253, 253, 253, 253, 253, 253, 253, 253, 253, 253, 253, 253, 253, 253, 253, 253, 253]
test case passed!
Test Case Passed
Browser is launched with amazon link
Howover on Accounts and list
Clicked on signIn 
Clicked on SignIn after entering username and password
Usertext: Hello, Devidas matched !
test case passed!
Test Case Passed]]>
  </system-out>
</testsuite> <!-- practiceProject.TestCase6_ProductSortBy -->
