<?xml version="1.0" encoding="UTF-8"?>
<!-- Generated by org.testng.reporters.JUnitReportReporter -->
<testsuite hostname="DESKTOP-UGJHDGF" failures="0" tests="1" name="practiceProject.TestCase9_VerifyAddToCart" time="34.993" errors="0" timestamp="2025-05-11T12:41:21 IST" skipped="0">
  <testcase classname="practiceProject.TestCase9_VerifyAddToCart" name="TC09_VerifyProductAddToCart" time="34.993">
    <system-out>
      <![CDATA[Browser is launched with amazon link
Howover on Accounts and list
Clicked on signIn 
Clicked on SignIn after entering username and password
Product details:  [Reebok Mens Stride Runner Running Shoe, 4.0, (3,990), 1,299]
Cart success text: Added to cart
Test Case Passed]]>
    </system-out>
  </testcase> <!-- TC09_VerifyProductAddToCart -->
  <system-out>
    <![CDATA[Browser is launched with amazon link
Howover on Accounts and list
Clicked on signIn 
Clicked on SignIn after entering username and password
Product details:  [Reebok Mens Stride Runner Running Shoe, 4.0, (3,990), 1,299]
Cart success text: Added to cart
Test Case Passed]]>
  </system-out>
</testsuite> <!-- practiceProject.TestCase9_VerifyAddToCart -->
