<?xml version="1.0" encoding="UTF-8"?>
<!-- Generated by org.testng.reporters.JUnitReportReporter -->
<testsuite hostname="DESKTOP-UGJHDGF" failures="0" tests="1" name="practiceProject.TestCase4_ProfileEdit" time="39.773" errors="0" timestamp="2025-05-12T09:48:31 IST" skipped="0">
  <testcase classname="practiceProject.TestCase4_ProfileEdit" name="TC04_EditUserHeightWeight" time="39.773">
    <system-out>
      <![CDATA[Browser is launched with amazon link
Howover on Accounts and list
Clicked on signIn 
Clicked on SignIn after entering username and password
User navigated to Your Profile page
User updated values![176 cm, 80 kg]
Profile edit done test case passed!
Test Case Passed]]>
    </system-out>
  </testcase> <!-- TC04_EditUserHeightWeight -->
  <system-out>
    <![CDATA[Browser is launched with amazon link
Howover on Accounts and list
Clicked on signIn 
Clicked on SignIn after entering username and password
User navigated to Your Profile page
User updated values![176 cm, 80 kg]
Profile edit done test case passed!
Test Case Passed]]>
  </system-out>
</testsuite> <!-- practiceProject.TestCase4_ProfileEdit -->
