<?xml version="1.0" encoding="UTF-8"?>
<!-- Generated by org.testng.reporters.JUnitReportReporter -->
<testsuite hostname="DESKTOP-UGJHDGF" failures="0" tests="5" name="practiceProject.TestCase3_LoginWithIncorrectCreds" time="205.188" errors="0" timestamp="2025-05-10T23:14:49 IST" skipped="3">
  <testcase classname="practiceProject.TestCase3_LoginWithIncorrectCreds" name="TC03_loginToAmazonWithIncorrectPassword" time="42.293">
    <skipped/>
    <system-out>
      <![CDATA[Browser is launched with amazon link
Howover on Accounts and list
Clicked on signIn ]]>
    </system-out>
  </testcase> <!-- TC03_loginToAmazonWithIncorrectPassword -->
  <testcase classname="practiceProject.TestCase3_LoginWithIncorrectCreds" name="TC03_loginToAmazonWithIncorrectPassword" time="44.108">
    <skipped/>
    <system-out>
      <![CDATA[Browser is launched with amazon link
Howover on Accounts and list
Clicked on signIn ]]>
    </system-out>
  </testcase> <!-- TC03_loginToAmazonWithIncorrectPassword -->
  <testcase classname="practiceProject.TestCase3_LoginWithIncorrectCreds" name="TC03_loginToAmazonWithIncorrectPassword" time="47.986">
    <skipped/>
    <system-out>
      <![CDATA[Browser is launched with amazon link
Howover on Accounts and list
Clicked on signIn ]]>
    </system-out>
  </testcase> <!-- TC03_loginToAmazonWithIncorrectPassword -->
  <testcase classname="practiceProject.TestCase3_LoginWithIncorrectCreds" name="TC03_loginToAmazonWithIncorrectPassword" time="38.788">
    <system-out>
      <![CDATA[Browser is launched with amazon link
Howover on Accounts and list
Clicked on signIn 
Actual text in red:  Your password is incorrect
Clicked on Contiue after entering Incorrect password
test case passed!
Test Case Passed]]>
    </system-out>
  </testcase> <!-- TC03_loginToAmazonWithIncorrectPassword -->
  <testcase classname="practiceProject.TestCase3_LoginWithIncorrectCreds" name="TC03_loginToAmazonWithIncorrectEmail" time="32.013">
    <system-out>
      <![CDATA[Browser is launched with amazon link
Howover on Accounts and list
Clicked on signIn 
Actual text in red:  Invalid email address.
Clicked on Contiue after entering Incorrect username
test case passed!
Test Case Passed]]>
    </system-out>
  </testcase> <!-- TC03_loginToAmazonWithIncorrectEmail -->
  <system-out>
    <![CDATA[Browser is launched with amazon link
Howover on Accounts and list
Clicked on signIn 
Browser is launched with amazon link
Howover on Accounts and list
Clicked on signIn 
Browser is launched with amazon link
Howover on Accounts and list
Clicked on signIn 
Browser is launched with amazon link
Howover on Accounts and list
Clicked on signIn 
Actual text in red:  Your password is incorrect
Clicked on Contiue after entering Incorrect password
test case passed!
Test Case Passed
Browser is launched with amazon link
Howover on Accounts and list
Clicked on signIn 
Actual text in red:  Invalid email address.
Clicked on Contiue after entering Incorrect username
test case passed!
Test Case Passed
Browser is launched with amazon link
Howover on Accounts and list
Clicked on signIn 
Clicked on SignIn after entering username and password
Usertext: Hello, Devidas matched test case passed!
Test Case Passed
Browser is launched with amazon link
Howover on Accounts and list
Clicked on signIn 
Clicked on SignIn after entering username and password
User navigated to Your Profile page
User updated values![170 cm, 80 kg]
Profile edit done test case passed!
Test Case Passed
Browser is launched with amazon link
Howover on Accounts and list
Clicked on signIn 
Clicked on SignIn after entering username and password
Product search is done for shoe for men
test case passed!
Test Case Passed
Browser is launched with amazon link
Howover on Accounts and list
Clicked on signIn 
Clicked on SignIn after entering username and password
Usertext: Hello, Devidas matched !
Category: All Categories matched !
Browser is launched with amazon link
Howover on Accounts and list
Clicked on signIn 
Clicked on SignIn after entering username and password
Usertext: Hello, Devidas matched !
Category: All Categories matched !
Browser is launched with amazon link
Howover on Accounts and list
Clicked on signIn 
Clicked on SignIn after entering username and password
Usertext: Hello, Devidas matched !
Category: All Categories matched !
Browser is launched with amazon link
Howover on Accounts and list
Clicked on signIn 
Clicked on SignIn after entering username and password
Usertext: Hello, Devidas matched !
Category: All Categories matched !
Test Case Failed
Browser is launched with amazon link
Howover on Accounts and list
Clicked on signIn 
Clicked on SignIn after entering username and password
test case passed!  Reebok Mens Stride Runner Running Shoe
Test Case Passed
Browser is launched with amazon link
Howover on Accounts and list
Clicked on signIn 
Clicked on SignIn after entering username and password
Product search is done for shoe for men
User updated values![, 172, 190, 198, 1,299, 198, 198, 199, 199, 239, 244, 245, 249, 249, 249, 249, 249, 249, 249, 249, 249, 249, 249, 249, 249, 249, 1,199, 1,119, 1,199, 249, 249, 249, 249, 249, 249, 249, 249, 249, 249, 249, 249, 249, 249, 249, 249, 249, 249, 249, 249, 249, 249, 249, 249, 1,799, 345, 574, 1,566, 1,149, 482, ]
test case passed!
Test Case Passed]]>
  </system-out>
</testsuite> <!-- practiceProject.TestCase3_LoginWithIncorrectCreds -->
